<?xml version="1.0" encoding="utf-8"?><testsuites name="pytest tests"><testsuite name="pytest" errors="0" failures="1" skipped="2" tests="35" time="10.457" timestamp="2026-04-23T12:20:00.650144+00:00" hostname="agent-env-377edf21-a070-449d-add1-278fa0d0afe2"><testcase classname="backend.tests.test_backend.TestHealthAndAuth" name="test_health" time="0.153" /><testcase classname="backend.tests.test_backend.TestHealthAndAuth" name="test_login_sets_httponly_cookies" time="0.351" /><testcase classname="backend.tests.test_backend.TestHealthAndAuth" name="test_login_invalid_credentials" time="0.360" /><testcase classname="backend.tests.test_backend.TestHealthAndAuth" name="test_me_requires_auth" time="0.124" /><testcase classname="backend.tests.test_backend.TestHealthAndAuth" name="test_me_with_cookie" time="0.395" /><testcase classname="backend.tests.test_backend.TestHealthAndAuth" name="test_register_and_duplicate" time="0.621" /><testcase classname="backend.tests.test_backend.TestHealthAndAuth" name="test_logout_clears_cookies" time="0.426" /><testcase classname="backend.tests.test_backend.TestCharities" name="test_list_public" time="0.106" /><testcase classname="backend.tests.test_backend.TestCharities" name="test_featured" time="0.108" /><testcase classname="backend.tests.test_backend.TestCharities" name="test_get_one" time="0.185" /><testcase classname="backend.tests.test_backend.TestCharities" name="test_non_admin_cannot_create" time="0.051" /><testcase classname="backend.tests.test_backend.TestCharities" name="test_admin_crud" time="0.554" /><testcase classname="backend.tests.test_backend.TestScores" name="test_score_crud_and_rules" time="1.318" /><testcase classname="backend.tests.test_backend.TestScores" name="test_scores_require_auth" time="0.106" /><testcase classname="backend.tests.test_backend.TestUserProfile" name="test_update_charity_valid" time="0.114" /><testcase classname="backend.tests.test_backend.TestUserProfile" name="test_charity_percent_below_10_rejected" time="0.107" /><testcase classname="backend.tests.test_backend.TestUserProfile" name="test_invalid_charity_rejected" time="0.050" /><testcase classname="backend.tests.test_backend.TestSubscription" name="test_checkout_returns_url_and_session" time="0.579" /><testcase classname="backend.tests.test_backend.TestSubscription" name="test_checkout_status_does_not_500" time="0.810"><failure message="AssertionError: subscribe/status returned 500 — upstream Stripe errors must be translated to a 4xx/5xx handled response. Body: Internal Server Error&#10;assert 500 != 500&#10; +  where 500 = &lt;Response [500]&gt;.status_code">E   AssertionError: subscribe/status returned 500 — upstream Stripe errors must be translated to a 4xx/5xx handled response. Body: Internal Server Error
    assert 500 != 500
     +  where 500 = &lt;Response [500]&gt;.status_code</failure></testcase><testcase classname="backend.tests.test_backend.TestSubscription" name="test_checkout_invalid_plan" time="0.051" /><testcase classname="backend.tests.test_backend.TestSubscription" name="test_checkout_requires_auth" time="0.114" /><testcase classname="backend.tests.test_backend.TestSubscription" name="test_cancel" time="0.546" /><testcase classname="backend.tests.test_backend.TestDraws" name="test_non_admin_cannot_configure" time="0.052" /><testcase classname="backend.tests.test_backend.TestDraws" name="test_full_draw_flow_with_rollover" time="0.845" /><testcase classname="backend.tests.test_backend.TestWinners" name="test_my_winners" time="0.051" /><testcase classname="backend.tests.test_backend.TestWinners" name="test_admin_all_winners" time="0.047" /><testcase classname="backend.tests.test_backend.TestWinners" name="test_non_admin_forbidden" time="0.061" /><testcase classname="backend.tests.test_backend.TestWinners" name="test_verify_not_found" time="0.046" /><testcase classname="backend.tests.test_backend.TestUploads" name="test_upload_nonexistent_winner" time="0.406" /><testcase classname="backend.tests.test_backend.TestUploads" name="test_upload_rejects_non_image" time="0.786"><skipped type="pytest.skip" message="No winner entry for test user to validate non-image rejection on real path">/app/backend/tests/test_backend.py:386: No winner entry for test user to validate non-image rejection on real path</skipped></testcase><testcase classname="backend.tests.test_backend.TestUploads" name="test_upload_and_view_flow" time="0.494"><skipped type="pytest.skip" message="No winner entry for test user; happy-path upload skipped">/app/backend/tests/test_backend.py:400: No winner entry for test user; happy-path upload skipped</skipped></testcase><testcase classname="backend.tests.test_backend.TestAdmin" name="test_list_users" time="0.049" /><testcase classname="backend.tests.test_backend.TestAdmin" name="test_non_admin_forbidden_on_admin" time="0.107" /><testcase classname="backend.tests.test_backend.TestAdmin" name="test_reports_summary" time="0.054" /><testcase classname="backend.tests.test_backend.TestAdmin" name="test_update_user" time="0.137" /></testsuite></testsuites>